<?xml version="1.0"?>
<testsuites name="Tests" time="203.338" tests="115" failures="1" disabled="10" errors="0">
  <testsuite name="UI Functional tests" time="200.036" tests="64" failures="0" disabled="0" skipped="0" errors="0" hostname="stoketoday-lm" timestamp="2015-03-11T07:34:32.389Z">
    <testsuite name="UI" time="182.328" tests="64" failures="0" disabled="0" skipped="0" errors="0" hostname="stoketoday-lm" timestamp="2015-03-11T07:34:45.968Z">
      <testsuite name="Globals" time="5.321" tests="3" failures="0" disabled="0" skipped="0" errors="0" hostname="stoketoday-lm" timestamp="2015-03-11T07:34:45.972Z">
        <testsuite name="Application" time="2.55" tests="1" failures="0" disabled="0" skipped="0" errors="0" hostname="stoketoday-lm" timestamp="2015-03-11T07:34:45.972Z">
          <testcase name="appearance" time="2.548"/>
        </testsuite>
        <testsuite name="Header" time="2.771" tests="2" failures="0" disabled="0" skipped="0" errors="0" hostname="stoketoday-lm" timestamp="2015-03-11T07:34:48.522Z">
          <testcase name="appearance" time="2.058"/>
          <testcase name="should have the correct title" time="0.711"/>
        </testsuite>
      </testsuite>
      <testsuite name="Todo" time="177.003" tests="61" failures="0" disabled="0" skipped="0" errors="0" hostname="stoketoday-lm" timestamp="2015-03-11T07:34:51.293Z">
        <testsuite name="Index" time="177.003" tests="61" failures="0" disabled="0" skipped="0" errors="0" hostname="stoketoday-lm" timestamp="2015-03-11T07:34:51.293Z">
          <testsuite name="Empty" time="2.352" tests="1" failures="0" disabled="0" skipped="0" errors="0" hostname="stoketoday-lm" timestamp="2015-03-11T07:34:51.293Z">
            <testcase name="should not have a footer" time="2.351"/>
          </testsuite>
          <testsuite name="Create entry" time="25.47" tests="11" failures="0" disabled="0" skipped="0" errors="0" hostname="stoketoday-lm" timestamp="2015-03-11T07:34:53.645Z">
            <testcase name="should be able to create a single todo" time="3.382"/>
            <testcase name="single entry appearance" time="5.207"/>
            <testcase name="should have a footer" time="1.165"/>
            <testcase name="should have the &quot;all&quot;-filter selected by default" time="1.82"/>
            <testcase name="should not be able to clear completed items" time="2.473"/>
            <testcase name="should have one item left" time="1.798"/>
            <testcase name="should not be in edit-mode" time="1.6"/>
            <testcase name="should have the correct label" time="1.994"/>
            <testcase name="should have a created label" time="2.001"/>
            <testcase name="should not be completed" time="1.507"/>
            <testcase name="should not have a completed label" time="2.506"/>
          </testsuite>
          <testsuite name="Modify entry" time="14.143" tests="5" failures="0" disabled="0" skipped="0" errors="0" hostname="stoketoday-lm" timestamp="2015-03-11T07:35:19.115Z">
            <testcase name="should be able to modify a todo" time="4.221"/>
            <testcase name="modified entry appearance" time="4.856"/>
            <testcase name="should have left edit-mode" time="1.573"/>
            <testcase name="should have the correct label" time="1.745"/>
            <testcase name="should have a created label" time="1.737"/>
          </testsuite>
          <testsuite name="Complete entry" time="12.675" tests="5" failures="0" disabled="0" skipped="0" errors="0" hostname="stoketoday-lm" timestamp="2015-03-11T07:35:33.258Z">
            <testcase name="should complete the entry" time="2.678"/>
            <testcase name="completed entry appearance" time="4.66"/>
            <testcase name="should be able to clear completed items" time="1.739"/>
            <testcase name="should have no item left" time="1.681"/>
            <testcase name="should have a completed label" time="1.908"/>
          </testsuite>
          <testsuite name="Incomplete entry" time="9.667" tests="4" failures="0" disabled="0" skipped="0" errors="0" hostname="stoketoday-lm" timestamp="2015-03-11T07:35:45.933Z">
            <testcase name="should incomplete the entry" time="2.949"/>
            <testcase name="should not be able to clear completed items" time="2.413"/>
            <testcase name="should have one item left" time="1.718"/>
            <testcase name="should not have a completed label" time="2.579"/>
          </testsuite>
          <testsuite name="Delete" time="15.828" tests="5" failures="0" disabled="0" skipped="0" errors="0" hostname="stoketoday-lm" timestamp="2015-03-11T07:35:55.600Z">
            <testsuite name="Active entry" time="8.527" tests="3" failures="0" disabled="0" skipped="0" errors="0" hostname="stoketoday-lm" timestamp="2015-03-11T07:35:55.600Z">
              <testcase name="should delete an active entry" time="2.405"/>
              <testcase name="should not have a footer" time="2.388"/>
              <testcase name="deleted entry appearance" time="3.728"/>
            </testsuite>
            <testsuite name="Completed entry" time="7.301" tests="2" failures="0" disabled="0" skipped="0" errors="0" hostname="stoketoday-lm" timestamp="2015-03-11T07:36:04.127Z">
              <testcase name="should delete a completed entry" time="2.027"/>
              <testcase name="should not have a footer" time="2.357"/>
            </testsuite>
          </testsuite>
          <testsuite name="Create multiple entries" time="23.3" tests="10" failures="0" disabled="0" skipped="0" errors="0" hostname="stoketoday-lm" timestamp="2015-03-11T07:36:11.429Z">
            <testcase name="should be able to create a single todo" time="7.47"/>
            <testcase name="should have a footer" time="1.171"/>
            <testcase name="should have the &quot;all&quot;-filter selected by default" time="1.748"/>
            <testcase name="should not be able to clear completed items" time="2.392"/>
            <testcase name="should have one item left" time="1.566"/>
            <testcase name="should not be in edit-mode" time="1.403"/>
            <testcase name="should have the correct label" time="1.726"/>
            <testcase name="should have a created label" time="1.866"/>
            <testcase name="should not be completed" time="1.508"/>
            <testcase name="should not have a completed label" time="2.43"/>
          </testsuite>
          <testsuite name="Complete and clear entry" time="7.952" tests="3" failures="0" disabled="0" skipped="0" errors="0" hostname="stoketoday-lm" timestamp="2015-03-11T07:36:34.729Z">
            <testcase name="should complete an entry" time="2.873"/>
            <testcase name="should be able to clear completed items" time="1.454"/>
            <testcase name="should clear completed items" time="3.618"/>
          </testsuite>
          <testsuite name="Complete multiple entries" time="65.615" tests="17" failures="0" disabled="0" skipped="0" errors="0" hostname="stoketoday-lm" timestamp="2015-03-11T07:36:42.681Z">
            <testcase name="should complete entries" time="5.504"/>
            <testcase name="complete entries appearance" time="10.985"/>
            <testcase name="should be able to clear completed items" time="1.402"/>
            <testcase name="should have two items left" time="1.614"/>
            <testsuite name="Active-filter" time="14.906" tests="5" failures="0" disabled="0" skipped="0" errors="0" hostname="stoketoday-lm" timestamp="2015-03-11T07:37:02.195Z">
              <testcase name="should switch filter to &quot;active&quot;" time="2.97"/>
              <testcase name="active-filter appearance" time="7.027"/>
              <testcase name="should show two entries" time="1.299"/>
              <testcase name="should not show completed entries" time="1.596"/>
              <testcase name="should display items in correct order" time="2.007"/>
            </testsuite>
            <testsuite name="Completed-filter" time="15.665" tests="5" failures="0" disabled="0" skipped="0" errors="0" hostname="stoketoday-lm" timestamp="2015-03-11T07:37:17.101Z">
              <testcase name="should switch filter to &quot;completed&quot;" time="3.164"/>
              <testcase name="completed-filter appearance" time="7.925"/>
              <testcase name="should show three entries" time="1.225"/>
              <testcase name="should show completed entries" time="1.446"/>
              <testcase name="should display items in correct order" time="1.893"/>
            </testsuite>
            <testsuite name="All-filter" time="15.53" tests="3" failures="0" disabled="0" skipped="0" errors="0" hostname="stoketoday-lm" timestamp="2015-03-11T07:37:32.766Z">
              <testcase name="should switch filter to &quot;all&quot;" time="3.17"/>
              <testcase name="all-filter appearance" time="11.155"/>
              <testcase name="should show five entries" time="1.2"/>
            </testsuite>
          </testsuite>
        </testsuite>
      </testsuite>
    </testsuite>
  </testsuite>
  <testsuite name="Visual regression tests" time="3.281" tests="51" failures="1" disabled="10" skipped="0" errors="0" hostname="stoketoday-lm" timestamp="2015-03-11T07:37:52.426Z">
    <testcase name="initialize tests" time="0.002"/>
    <testsuite name="Kobold" time="2.787" tests="50" failures="1" disabled="10" skipped="0" errors="0" hostname="stoketoday-lm" timestamp="2015-03-11T07:37:52.917Z">
      <testsuite name="phantomjs - UI Globals Application appearance - 1" time="0.001" tests="1" failures="0" disabled="1" skipped="0" errors="0" hostname="stoketoday-lm" timestamp="2015-03-11T07:37:52.917Z">
        <testcase name="is orphaned" time="0.001">
          <skipped type="incomplete" message="incomplete"/>
        </testcase>
      </testsuite>
      <testsuite name="phantomjs - UI Globals Header appearance - 1" time="0" tests="1" failures="0" disabled="1" skipped="0" errors="0" hostname="stoketoday-lm" timestamp="2015-03-11T07:37:52.918Z">
        <testcase name="is orphaned" time="0">
          <skipped type="incomplete" message="incomplete"/>
        </testcase>
      </testsuite>
      <testsuite name="phantomjs - UI Todo Index Complete entry completed entry appearance - 1" time="0" tests="1" failures="0" disabled="1" skipped="0" errors="0" hostname="stoketoday-lm" timestamp="2015-03-11T07:37:52.918Z">
        <testcase name="is orphaned" time="0">
          <skipped type="incomplete" message="incomplete"/>
        </testcase>
      </testsuite>
      <testsuite name="phantomjs - UI Todo Index Complete multiple entries Active filter active filter appearance - 1" time="0" tests="1" failures="0" disabled="1" skipped="0" errors="0" hostname="stoketoday-lm" timestamp="2015-03-11T07:37:52.918Z">
        <testcase name="is orphaned" time="0">
          <skipped type="incomplete" message="incomplete"/>
        </testcase>
      </testsuite>
      <testsuite name="phantomjs - UI Todo Index Complete multiple entries All filter all filter appearance - 1" time="0" tests="1" failures="0" disabled="1" skipped="0" errors="0" hostname="stoketoday-lm" timestamp="2015-03-11T07:37:52.919Z">
        <testcase name="is orphaned" time="0">
          <skipped type="incomplete" message="incomplete"/>
        </testcase>
      </testsuite>
      <testsuite name="phantomjs - UI Todo Index Complete multiple entries Completed filter completed filter appearance - 1" time="0" tests="1" failures="0" disabled="1" skipped="0" errors="0" hostname="stoketoday-lm" timestamp="2015-03-11T07:37:52.919Z">
        <testcase name="is orphaned" time="0">
          <skipped type="incomplete" message="incomplete"/>
        </testcase>
      </testsuite>
      <testsuite name="phantomjs - UI Todo Index Complete multiple entries complete entries appearance - 1" time="0" tests="1" failures="0" disabled="1" skipped="0" errors="0" hostname="stoketoday-lm" timestamp="2015-03-11T07:37:52.919Z">
        <testcase name="is orphaned" time="0">
          <skipped type="incomplete" message="incomplete"/>
        </testcase>
      </testsuite>
      <testsuite name="phantomjs - UI Todo Index Create entry single entry appearance - 1" time="0" tests="1" failures="0" disabled="1" skipped="0" errors="0" hostname="stoketoday-lm" timestamp="2015-03-11T07:37:52.919Z">
        <testcase name="is orphaned" time="0">
          <skipped type="incomplete" message="incomplete"/>
        </testcase>
      </testsuite>
      <testsuite name="phantomjs - UI Todo Index Delete Active entry deleted entry appearance - 1" time="0" tests="1" failures="0" disabled="1" skipped="0" errors="0" hostname="stoketoday-lm" timestamp="2015-03-11T07:37:52.919Z">
        <testcase name="is orphaned" time="0">
          <skipped type="incomplete" message="incomplete"/>
        </testcase>
      </testsuite>
      <testsuite name="phantomjs - UI Todo Index Modify entry modified entry appearance - 1" time="0" tests="1" failures="0" disabled="1" skipped="0" errors="0" hostname="stoketoday-lm" timestamp="2015-03-11T07:37:52.919Z">
        <testcase name="is orphaned" time="0">
          <skipped type="incomplete" message="incomplete"/>
        </testcase>
      </testsuite>
      <testsuite name="firefox latest - UI Globals Application appearance - 1" time="0.358" tests="4" failures="0" disabled="0" skipped="0" errors="0" hostname="stoketoday-lm" timestamp="2015-03-11T07:37:52.920Z">
        <testcase name="should load the approved screen" time="0.054"/>
        <testcase name="should load the build screen" time="0.033"/>
        <testcase name="should load the configuration of screen" time="0.001"/>
        <testcase name="should be similar" time="0.267"/>
      </testsuite>
      <testsuite name="firefox latest - UI Globals Header appearance - 1" time="0.049" tests="4" failures="0" disabled="0" skipped="0" errors="0" hostname="stoketoday-lm" timestamp="2015-03-11T07:37:53.278Z">
        <testcase name="should load the approved screen" time="0.004"/>
        <testcase name="should load the build screen" time="0.004"/>
        <testcase name="should load the configuration of screen" time="0.001"/>
        <testcase name="should be similar" time="0.04"/>
      </testsuite>
      <testsuite name="firefox latest - UI Todo Index Complete entry completed entry appearance - 1" time="0.305" tests="4" failures="1" disabled="0" skipped="0" errors="0" hostname="stoketoday-lm" timestamp="2015-03-11T07:37:53.327Z">
        <testcase name="should load the approved screen" time="0.029"/>
        <testcase name="should load the build screen" time="0.033"/>
        <testcase name="should load the configuration of screen" time="0.001"/>
        <testcase name="should be similar" time="0.241">
          <failure type="Screens are different for firefox-latest_UI-Todo-Index-Complete-entry-completed-entry-appearance_1" message="Error: Screens are different for firefox-latest_UI-Todo-Index-Complete-entry-completed-entry-appearance_1&#xA;    at /Users/erz/code/preceptorjs/preceptor-todomvc/node_modules/kobold/lib/kobold.js:453:12&#xA;    at /Users/erz/code/preceptorjs/preceptor-todomvc/node_modules/promise/lib/core.js:33:15&#xA;    at flush (/Users/erz/code/preceptorjs/preceptor-todomvc/node_modules/promise/node_modules/asap/asap.js:27:13)&#xA;    at process._tickCallback (node.js:355:11)"/>
        </testcase>
      </testsuite>
      <testsuite name="firefox latest - UI Todo Index Complete multiple entries Active filter active filter appearance - 1" time="0.326" tests="4" failures="0" disabled="0" skipped="0" errors="0" hostname="stoketoday-lm" timestamp="2015-03-11T07:37:53.633Z">
        <testcase name="should load the approved screen" time="0.029"/>
        <testcase name="should load the build screen" time="0.031"/>
        <testcase name="should load the configuration of screen" time="0.001"/>
        <testcase name="should be similar" time="0.265"/>
      </testsuite>
      <testsuite name="firefox latest - UI Todo Index Complete multiple entries All filter all filter appearance - 1" time="0.437" tests="4" failures="0" disabled="0" skipped="0" errors="0" hostname="stoketoday-lm" timestamp="2015-03-11T07:37:53.959Z">
        <testcase name="should load the approved screen" time="0.041"/>
        <testcase name="should load the build screen" time="0.05"/>
        <testcase name="should load the configuration of screen" time="0.001"/>
        <testcase name="should be similar" time="0.344"/>
      </testsuite>
      <testsuite name="firefox latest - UI Todo Index Complete multiple entries Completed filter completed filter appearance - 1" time="0.336" tests="4" failures="0" disabled="0" skipped="0" errors="0" hostname="stoketoday-lm" timestamp="2015-03-11T07:37:54.396Z">
        <testcase name="should load the approved screen" time="0.032"/>
        <testcase name="should load the build screen" time="0.033"/>
        <testcase name="should load the configuration of screen" time="0.001"/>
        <testcase name="should be similar" time="0.269"/>
      </testsuite>
      <testsuite name="firefox latest - UI Todo Index Complete multiple entries complete entries appearance - 1" time="0.412" tests="4" failures="0" disabled="0" skipped="0" errors="0" hostname="stoketoday-lm" timestamp="2015-03-11T07:37:54.732Z">
        <testcase name="should load the approved screen" time="0.035"/>
        <testcase name="should load the build screen" time="0.036"/>
        <testcase name="should load the configuration of screen" time="0"/>
        <testcase name="should be similar" time="0.338"/>
      </testsuite>
      <testsuite name="firefox latest - UI Todo Index Create entry single entry appearance - 1" time="0.271" tests="4" failures="0" disabled="0" skipped="0" errors="0" hostname="stoketoday-lm" timestamp="2015-03-11T07:37:55.144Z">
        <testcase name="should load the approved screen" time="0.025"/>
        <testcase name="should load the build screen" time="0.023"/>
        <testcase name="should load the configuration of screen" time="0.001"/>
        <testcase name="should be similar" time="0.222"/>
      </testsuite>
      <testsuite name="firefox latest - UI Todo Index Delete Active entry deleted entry appearance - 1" time="0.256" tests="4" failures="0" disabled="0" skipped="0" errors="0" hostname="stoketoday-lm" timestamp="2015-03-11T07:37:55.416Z">
        <testcase name="should load the approved screen" time="0.022"/>
        <testcase name="should load the build screen" time="0.022"/>
        <testcase name="should load the configuration of screen" time="0"/>
        <testcase name="should be similar" time="0.211"/>
      </testsuite>
      <testsuite name="firefox latest - UI Todo Index Modify entry modified entry appearance - 1" time="0.032" tests="4" failures="0" disabled="0" skipped="0" errors="0" hostname="stoketoday-lm" timestamp="2015-03-11T07:37:55.672Z">
        <testcase name="should load the approved screen" time="0.004"/>
        <testcase name="should load the build screen" time="0.004"/>
        <testcase name="should load the configuration of screen" time="0.001"/>
        <testcase name="should be similar" time="0.022"/>
      </testsuite>
    </testsuite>
  </testsuite>
</testsuites>
